2021-09-13 15:02:41,577 [Worker-2: Loading available Gradle versions] INFO  o.e.b.c.i.u.g.PublishedGradleVersions - Gradle version information cache is up-to-date. Trying to read.
2021-09-14 15:09:11,809 [Worker-21: Loading available Gradle versions] INFO  o.e.b.c.i.u.g.PublishedGradleVersions - Gradle version information cache is out-of-date. Trying to update.
2021-09-14 18:00:14,257 [Worker-11: Loading available Gradle versions] INFO  o.e.b.c.i.u.g.PublishedGradleVersions - Gradle version information cache is up-to-date. Trying to read.
2021-09-15 14:54:28,555 [Worker-14: Loading available Gradle versions] INFO  o.e.b.c.i.u.g.PublishedGradleVersions - Gradle version information cache is up-to-date. Trying to read.
2021-09-15 15:58:21,714 [main] ERROR o.e.j.i.storage.file.LockFile - Creating lock file /Users/praveen/Training/Xoriant/steer-batch3/.git/index.lock failed
java.nio.file.AccessDeniedException: /Users/praveen/Training/Xoriant/steer-batch3/.git/index.lock
	at java.base/sun.nio.fs.UnixException.translateToIOException(UnixException.java:90)
	at java.base/sun.nio.fs.UnixException.rethrowAsIOException(UnixException.java:106)
	at java.base/sun.nio.fs.UnixException.rethrowAsIOException(UnixException.java:111)
	at java.base/sun.nio.fs.UnixFileSystemProvider.newByteChannel(UnixFileSystemProvider.java:219)
	at java.base/java.nio.file.Files.newByteChannel(Files.java:375)
	at java.base/java.nio.file.Files.createFile(Files.java:652)
	at org.eclipse.jgit.util.FS_POSIX.createNewFileAtomic(FS_POSIX.java:427)
	at org.eclipse.jgit.internal.storage.file.LockFile.lock(LockFile.java:140)
	at org.eclipse.jgit.dircache.DirCache.lock(DirCache.java:594)
	at org.eclipse.jgit.dircache.DirCache.lock(DirCache.java:220)
	at org.eclipse.jgit.dircache.DirCache.lock(DirCache.java:292)
	at org.eclipse.jgit.dircache.DirCache.lock(DirCache.java:258)
	at org.eclipse.jgit.lib.Repository.lockDirCache(Repository.java:1282)
	at org.eclipse.egit.core.RepositoryHandle.lockDirCache(RepositoryHandle.java:318)
	at org.eclipse.egit.core.GitMoveDeleteHook.moveFile(GitMoveDeleteHook.java:183)
	at org.eclipse.team.internal.core.MoveDeleteManager.moveFile(MoveDeleteManager.java:82)
	at org.eclipse.core.internal.resources.Resource.unprotectedMove(Resource.java:1821)
	at org.eclipse.core.internal.resources.Resource.move(Resource.java:1503)
	at org.eclipse.jdt.internal.core.CopyResourceElementsOperation.processCompilationUnitResource(CopyResourceElementsOperation.java:346)
	at org.eclipse.jdt.internal.core.CopyResourceElementsOperation.processElement(CopyResourceElementsOperation.java:417)
	at org.eclipse.jdt.internal.core.MultiOperation.processElements(MultiOperation.java:168)
	at org.eclipse.jdt.internal.core.CopyResourceElementsOperation.processElements(CopyResourceElementsOperation.java:436)
	at org.eclipse.jdt.internal.core.MultiOperation.executeOperation(MultiOperation.java:95)
	at org.eclipse.jdt.internal.core.JavaModelOperation.run(JavaModelOperation.java:740)
	at org.eclipse.core.internal.resources.Workspace.run(Workspace.java:2313)
	at org.eclipse.core.internal.resources.Workspace.run(Workspace.java:2338)
	at org.eclipse.jdt.internal.core.JavaModelOperation.runOperation(JavaModelOperation.java:811)
	at org.eclipse.jdt.internal.core.JavaModel.rename(JavaModel.java:289)
	at org.eclipse.jdt.internal.core.CompilationUnit.rename(CompilationUnit.java:1340)
	at org.eclipse.jdt.internal.corext.refactoring.changes.RenameCompilationUnitChange.doRename(RenameCompilationUnitChange.java:65)
	at org.eclipse.jdt.internal.corext.refactoring.AbstractJavaElementRenameChange.perform(AbstractJavaElementRenameChange.java:92)
	at org.eclipse.ltk.core.refactoring.CompositeChange.perform(CompositeChange.java:281)
	at org.eclipse.jdt.internal.corext.refactoring.changes.DynamicValidationStateChange.access$0(DynamicValidationStateChange.java:1)
	at org.eclipse.jdt.internal.corext.refactoring.changes.DynamicValidationStateChange.lambda$0(DynamicValidationStateChange.java:105)
	at org.eclipse.jdt.internal.core.BatchOperation.executeOperation(BatchOperation.java:41)
	at org.eclipse.jdt.internal.core.JavaModelOperation.run(JavaModelOperation.java:740)
	at org.eclipse.core.internal.resources.Workspace.run(Workspace.java:2313)
	at org.eclipse.core.internal.resources.Workspace.run(Workspace.java:2338)
	at org.eclipse.jdt.core.JavaCore.run(JavaCore.java:5907)
	at org.eclipse.jdt.internal.corext.refactoring.changes.DynamicValidationStateChange.perform(DynamicValidationStateChange.java:106)
	at org.eclipse.ltk.core.refactoring.CompositeChange.perform(CompositeChange.java:281)
	at org.eclipse.ltk.core.refactoring.PerformChangeOperation.lambda$0(PerformChangeOperation.java:258)
	at org.eclipse.core.internal.resources.Workspace.run(Workspace.java:2313)
	at org.eclipse.core.internal.resources.Workspace.run(Workspace.java:2338)
	at org.eclipse.ltk.core.refactoring.PerformChangeOperation.executeChange(PerformChangeOperation.java:295)
	at org.eclipse.ltk.core.refactoring.PerformChangeOperation.run(PerformChangeOperation.java:224)
	at org.eclipse.jdt.internal.core.BatchOperation.executeOperation(BatchOperation.java:41)
	at org.eclipse.jdt.internal.core.JavaModelOperation.run(JavaModelOperation.java:740)
	at org.eclipse.core.internal.resources.Workspace.run(Workspace.java:2313)
	at org.eclipse.core.internal.resources.Workspace.run(Workspace.java:2338)
	at org.eclipse.jdt.core.JavaCore.run(JavaCore.java:5907)
	at org.eclipse.jdt.internal.ui.actions.WorkbenchRunnableAdapter.run(WorkbenchRunnableAdapter.java:108)
	at org.eclipse.jface.operation.ModalContext.runInCurrentThread(ModalContext.java:436)
	at org.eclipse.jface.operation.ModalContext.run(ModalContext.java:352)
	at org.eclipse.ui.internal.WorkbenchWindow.lambda$7(WorkbenchWindow.java:2345)
	at org.eclipse.swt.custom.BusyIndicator.showWhile(BusyIndicator.java:74)
	at org.eclipse.ui.internal.WorkbenchWindow.run(WorkbenchWindow.java:2343)
	at org.eclipse.jdt.internal.ui.refactoring.RefactoringExecutionHelper.perform(RefactoringExecutionHelper.java:189)
	at org.eclipse.jdt.internal.ui.refactoring.RefactoringExecutionHelper.perform(RefactoringExecutionHelper.java:151)
	at org.eclipse.jdt.ui.refactoring.RenameSupport.perform(RenameSupport.java:201)
	at org.eclipse.jdt.internal.ui.refactoring.reorg.RenameLinkedMode.doRename(RenameLinkedMode.java:369)
	at org.eclipse.jdt.internal.ui.refactoring.reorg.RenameLinkedMode$EditorSynchronizer.left(RenameLinkedMode.java:123)
	at org.eclipse.jface.text.link.LinkedModeModel.exit(LinkedModeModel.java:338)
	at org.eclipse.jface.text.link.LinkedModeUI.lambda$2(LinkedModeUI.java:1172)
	at org.eclipse.swt.widgets.RunnableLock.run(RunnableLock.java:40)
	at org.eclipse.swt.widgets.Synchronizer.runAsyncMessages(Synchronizer.java:185)
	at org.eclipse.swt.widgets.Display.runAsyncMessages(Display.java:4179)
	at org.eclipse.swt.widgets.Display.readAndDispatch(Display.java:3839)
	at org.eclipse.e4.ui.internal.workbench.swt.PartRenderingEngine$5.run(PartRenderingEngine.java:1157)
	at org.eclipse.core.databinding.observable.Realm.runWithDefault(Realm.java:338)
	at org.eclipse.e4.ui.internal.workbench.swt.PartRenderingEngine.run(PartRenderingEngine.java:1046)
	at org.eclipse.e4.ui.internal.workbench.E4Workbench.createAndRunUI(E4Workbench.java:155)
	at org.eclipse.ui.internal.Workbench.lambda$3(Workbench.java:644)
	at org.eclipse.core.databinding.observable.Realm.runWithDefault(Realm.java:338)
	at org.eclipse.ui.internal.Workbench.createAndRunWorkbench(Workbench.java:551)
	at org.eclipse.ui.PlatformUI.createAndRunWorkbench(PlatformUI.java:156)
	at org.eclipse.ui.internal.ide.application.IDEApplication.start(IDEApplication.java:152)
	at org.eclipse.equinox.internal.app.EclipseAppHandle.run(EclipseAppHandle.java:203)
	at org.eclipse.core.runtime.internal.adaptor.EclipseAppLauncher.runApplication(EclipseAppLauncher.java:134)
	at org.eclipse.core.runtime.internal.adaptor.EclipseAppLauncher.start(EclipseAppLauncher.java:104)
	at org.eclipse.core.runtime.adaptor.EclipseStarter.run(EclipseStarter.java:401)
	at org.eclipse.core.runtime.adaptor.EclipseStarter.run(EclipseStarter.java:255)
	at java.base/jdk.internal.reflect.NativeMethodAccessorImpl.invoke0(Native Method)
	at java.base/jdk.internal.reflect.NativeMethodAccessorImpl.invoke(NativeMethodAccessorImpl.java:78)
	at java.base/jdk.internal.reflect.DelegatingMethodAccessorImpl.invoke(DelegatingMethodAccessorImpl.java:43)
	at java.base/java.lang.reflect.Method.invoke(Method.java:567)
	at org.eclipse.equinox.launcher.Main.invokeFramework(Main.java:654)
	at org.eclipse.equinox.launcher.Main.basicRun(Main.java:591)
	at org.eclipse.equinox.launcher.Main.run(Main.java:1462)
2021-09-17 14:43:13,765 [Worker-4: Loading available Gradle versions] INFO  o.e.b.c.i.u.g.PublishedGradleVersions - Gradle version information cache is out-of-date. Trying to update.
